<?xml version="1.0" encoding="UTF-8"?>
<!-- Generated by org.testng.reporters.JUnitReportReporter -->
<testsuite skipped="0" hostname="DESKTOP-AUP1USI" name="FrameWork.TC_1" tests="1" failures="0" timestamp="2022-12-01T14:09:04 IST" time="37.106" errors="0">
  <testcase name="register" time="37.106" classname="FrameWork.TC_1"/>
  <system-out>
    <![CDATA[Interacted with register link]]>
  </system-out>
</testsuite> <!-- FrameWork.TC_1 -->
